Generated at 2016-08-23 19:44:28 +0530
Chef::Exceptions::CannotWritePrivateKey: I can't write your private key to /root/chef-repo/.chef/nadarashwin.pem - check permissions?
/opt/chef/embedded/lib/ruby/gems/2.1.0/gems/chef-12.13.37/lib/chef/api_client/registration.rb:74:in `assert_destination_writable!'
/opt/chef/embedded/lib/ruby/gems/2.1.0/gems/chef-12.13.37/lib/chef/api_client/registration.rb:54:in `run'
/opt/chef/embedded/lib/ruby/gems/2.1.0/gems/chef-12.13.37/lib/chef/client.rb:620:in `register'
/opt/chef/embedded/lib/ruby/gems/2.1.0/gems/chef-12.13.37/lib/chef/client.rb:266:in `run'
/opt/chef/embedded/lib/ruby/gems/2.1.0/gems/chef-12.13.37/lib/chef/application.rb:302:in `block in fork_chef_client'
/opt/chef/embedded/lib/ruby/gems/2.1.0/gems/chef-12.13.37/lib/chef/application.rb:290:in `fork'
/opt/chef/embedded/lib/ruby/gems/2.1.0/gems/chef-12.13.37/lib/chef/application.rb:290:in `fork_chef_client'
/opt/chef/embedded/lib/ruby/gems/2.1.0/gems/chef-12.13.37/lib/chef/application.rb:255:in `block in run_chef_client'
/opt/chef/embedded/lib/ruby/gems/2.1.0/gems/chef-12.13.37/lib/chef/local_mode.rb:44:in `with_server_connectivity'
/opt/chef/embedded/lib/ruby/gems/2.1.0/gems/chef-12.13.37/lib/chef/application.rb:243:in `run_chef_client'
/opt/chef/embedded/lib/ruby/gems/2.1.0/gems/chef-12.13.37/lib/chef/application/client.rb:464:in `sleep_then_run_chef_client'
/opt/chef/embedded/lib/ruby/gems/2.1.0/gems/chef-12.13.37/lib/chef/application/client.rb:451:in `block in interval_run_chef_client'
/opt/chef/embedded/lib/ruby/gems/2.1.0/gems/chef-12.13.37/lib/chef/application/client.rb:450:in `loop'
/opt/chef/embedded/lib/ruby/gems/2.1.0/gems/chef-12.13.37/lib/chef/application/client.rb:450:in `interval_run_chef_client'
/opt/chef/embedded/lib/ruby/gems/2.1.0/gems/chef-12.13.37/lib/chef/application/client.rb:434:in `run_application'
/opt/chef/embedded/lib/ruby/gems/2.1.0/gems/chef-12.13.37/lib/chef/application.rb:60:in `run'
/opt/chef/embedded/lib/ruby/gems/2.1.0/gems/chef-12.13.37/bin/chef-client:26:in `<top (required)>'
/opt/chef/embedded/bin/chef-client:22:in `load'
/opt/chef/embedded/bin/chef-client:22:in `<main>'